#2026 06 10 03:40:51.856#Z#DEBUG#05a8a0a1-647e-11f1-95d3-eeee0a8518b8.employee-managment-cap-srv#flowable-async-job-executor-thread-27383#
[PollStageAppStatusExecution] 72b00c3a-fa8d-4451-a7fd-3bc7e8473aa6 [2026-06-10T03:40:03.000133] Updated app with guid 72b00c3a-fa8d-4451-a7fd-3bc7e8473aa6 ({"lifecycle"=>{"data"=>{"buildpacks"=>["nodejs_buildpack"]}, "type"=>"buildpack"}}) (STDOUT, API)#
#2026 06 10 03:40:51.856#Z#DEBUG#05a8a0a1-647e-11f1-95d3-eeee0a8518b8.employee-managment-cap-srv#flowable-async-job-executor-thread-27383#
[PollStageAppStatusExecution] 72b00c3a-fa8d-4451-a7fd-3bc7e8473aa6 [2026-06-10T03:40:03.088961] Updating process: "web" (STDOUT, API)#
#2026 06 10 03:40:51.856#Z#DEBUG#05a8a0a1-647e-11f1-95d3-eeee0a8518b8.employee-managment-cap-srv#flowable-async-job-executor-thread-27383#
[PollStageAppStatusExecution] 72b00c3a-fa8d-4451-a7fd-3bc7e8473aa6 [2026-06-10T03:40:31.946604] Uploading app package for app with guid 72b00c3a-fa8d-4451-a7fd-3bc7e8473aa6 (STDOUT, API)#
#2026 06 10 03:40:51.856#Z#DEBUG#05a8a0a1-647e-11f1-95d3-eeee0a8518b8.employee-managment-cap-srv#flowable-async-job-executor-thread-27383#
[PollStageAppStatusExecution] 72b00c3a-fa8d-4451-a7fd-3bc7e8473aa6 [2026-06-10T03:40:32.181308] Updated app with guid 72b00c3a-fa8d-4451-a7fd-3bc7e8473aa6 ({"environment_variables"=>"[PRIVATE DATA HIDDEN]"}) (STDOUT, API)#
#2026 06 10 03:40:51.856#Z#DEBUG#05a8a0a1-647e-11f1-95d3-eeee0a8518b8.employee-managment-cap-srv#flowable-async-job-executor-thread-27383#
[PollStageAppStatusExecution] 72b00c3a-fa8d-4451-a7fd-3bc7e8473aa6 [2026-06-10T03:40:42.057091] Creating build for app with guid 72b00c3a-fa8d-4451-a7fd-3bc7e8473aa6 (STDOUT, API)#
#2026 06 10 03:40:51.856#Z#DEBUG#05a8a0a1-647e-11f1-95d3-eeee0a8518b8.employee-managment-cap-srv#flowable-async-job-executor-thread-27383#
[PollStageAppStatusExecution] 72b00c3a-fa8d-4451-a7fd-3bc7e8473aa6 [2026-06-10T03:40:42.584369] Downloading nodejs_buildpack... (STDOUT, STG)#
#2026 06 10 03:40:51.856#Z#DEBUG#05a8a0a1-647e-11f1-95d3-eeee0a8518b8.employee-managment-cap-srv#flowable-async-job-executor-thread-27383#
[PollStageAppStatusExecution] 72b00c3a-fa8d-4451-a7fd-3bc7e8473aa6 [2026-06-10T03:40:42.645679] Downloaded nodejs_buildpack (STDOUT, STG)#
#2026 06 10 03:40:51.856#Z#DEBUG#05a8a0a1-647e-11f1-95d3-eeee0a8518b8.employee-managment-cap-srv#flowable-async-job-executor-thread-27383#
[PollStageAppStatusExecution] 72b00c3a-fa8d-4451-a7fd-3bc7e8473aa6 [2026-06-10T03:40:42.645764] Cell d1cc041a-d5a1-41d6-b9f6-6cda736ce3f0 creating container for instance 3b5d1fcd-9538-4d96-867f-7e290cec3505 (STDOUT, STG)#
#2026 06 10 03:40:51.856#Z#DEBUG#05a8a0a1-647e-11f1-95d3-eeee0a8518b8.employee-managment-cap-srv#flowable-async-job-executor-thread-27383#
[PollStageAppStatusExecution] 72b00c3a-fa8d-4451-a7fd-3bc7e8473aa6 [2026-06-10T03:40:43.455746] Security group rules were updated (STDOUT, STG)#
#2026 06 10 03:40:51.856#Z#DEBUG#05a8a0a1-647e-11f1-95d3-eeee0a8518b8.employee-managment-cap-srv#flowable-async-job-executor-thread-27383#
[PollStageAppStatusExecution] 72b00c3a-fa8d-4451-a7fd-3bc7e8473aa6 [2026-06-10T03:40:43.538571] Cell d1cc041a-d5a1-41d6-b9f6-6cda736ce3f0 successfully created container for instance 3b5d1fcd-9538-4d96-867f-7e290cec3505 (STDOUT, STG)#
#2026 06 10 03:40:51.856#Z#DEBUG#05a8a0a1-647e-11f1-95d3-eeee0a8518b8.employee-managment-cap-srv#flowable-async-job-executor-thread-27383#
[PollStageAppStatusExecution] 72b00c3a-fa8d-4451-a7fd-3bc7e8473aa6 [2026-06-10T03:40:44.809198] Downloading app package... (STDOUT, STG)#
#2026 06 10 03:40:51.856#Z#DEBUG#05a8a0a1-647e-11f1-95d3-eeee0a8518b8.employee-managment-cap-srv#flowable-async-job-executor-thread-27383#
[PollStageAppStatusExecution] 72b00c3a-fa8d-4451-a7fd-3bc7e8473aa6 [2026-06-10T03:40:44.809281] Downloading build artifacts cache... (STDOUT, STG)#
#2026 06 10 03:40:51.856#Z#DEBUG#05a8a0a1-647e-11f1-95d3-eeee0a8518b8.employee-managment-cap-srv#flowable-async-job-executor-thread-27383#
[PollStageAppStatusExecution] 72b00c3a-fa8d-4451-a7fd-3bc7e8473aa6 [2026-06-10T03:40:44.885548] Downloaded build artifacts cache (226B) (STDOUT, STG)#
#2026 06 10 03:40:51.856#Z#DEBUG#05a8a0a1-647e-11f1-95d3-eeee0a8518b8.employee-managment-cap-srv#flowable-async-job-executor-thread-27383#
[PollStageAppStatusExecution] 72b00c3a-fa8d-4451-a7fd-3bc7e8473aa6 [2026-06-10T03:40:45.502019] Downloaded app package (3.5M) (STDOUT, STG)#
#2026 06 10 03:40:51.856#Z#DEBUG#05a8a0a1-647e-11f1-95d3-eeee0a8518b8.employee-managment-cap-srv#flowable-async-job-executor-thread-27383#
[PollStageAppStatusExecution] 72b00c3a-fa8d-4451-a7fd-3bc7e8473aa6 [2026-06-10T03:40:45.621274] -----> Nodejs Buildpack version 1.8.44 (STDOUT, STG)#
#2026 06 10 03:40:51.856#Z#DEBUG#05a8a0a1-647e-11f1-95d3-eeee0a8518b8.employee-managment-cap-srv#flowable-async-job-executor-thread-27383#
[PollStageAppStatusExecution] 72b00c3a-fa8d-4451-a7fd-3bc7e8473aa6 [2026-06-10T03:40:45.843314] -----> Bootstrapping python (STDOUT, STG)#
#2026 06 10 03:40:51.856#Z#DEBUG#05a8a0a1-647e-11f1-95d3-eeee0a8518b8.employee-managment-cap-srv#flowable-async-job-executor-thread-27383#
[PollStageAppStatusExecution] 72b00c3a-fa8d-4451-a7fd-3bc7e8473aa6 [2026-06-10T03:40:45.843347] -----> Installing python 3.11.14 (STDOUT, STG)#
#2026 06 10 03:40:51.856#Z#DEBUG#05a8a0a1-647e-11f1-95d3-eeee0a8518b8.employee-managment-cap-srv#flowable-async-job-executor-thread-27383#
[PollStageAppStatusExecution] 72b00c3a-fa8d-4451-a7fd-3bc7e8473aa6 [2026-06-10T03:40:45.843415] Copy [/tmp/buildpacks/978cee5ec9c58000/dependencies/b5e0345ae0ae1932e7d56fffaa49a487/python_3.11.14_linux_x64_cflinuxfs4_66f53248.tgz] (STDOUT, STG)#
#2026 06 10 03:40:51.856#Z#DEBUG#05a8a0a1-647e-11f1-95d3-eeee0a8518b8.employee-managment-cap-srv#flowable-async-job-executor-thread-27383#
[PollStageAppStatusExecution] 72b00c3a-fa8d-4451-a7fd-3bc7e8473aa6 [2026-06-10T03:40:50.116480] -----> Installing binaries (STDOUT, STG)#
#2026 06 10 03:40:51.856#Z#DEBUG#05a8a0a1-647e-11f1-95d3-eeee0a8518b8.employee-managment-cap-srv#flowable-async-job-executor-thread-27383#
[PollStageAppStatusExecution] 72b00c3a-fa8d-4451-a7fd-3bc7e8473aa6 [2026-06-10T03:40:50.116884] engines.node (package.json): >=20 (STDOUT, STG)#
#2026 06 10 03:40:51.856#Z#DEBUG#05a8a0a1-647e-11f1-95d3-eeee0a8518b8.employee-managment-cap-srv#flowable-async-job-executor-thread-27383#
[PollStageAppStatusExecution] 72b00c3a-fa8d-4451-a7fd-3bc7e8473aa6 [2026-06-10T03:40:50.116905] engines.npm (package.json): unspecified (use default) (STDOUT, STG)#
#2026 06 10 03:40:51.856#Z#DEBUG#05a8a0a1-647e-11f1-95d3-eeee0a8518b8.employee-managment-cap-srv#flowable-async-job-executor-thread-27383#
[PollStageAppStatusExecution] 72b00c3a-fa8d-4451-a7fd-3bc7e8473aa6 [2026-06-10T03:40:50.116912] [31;1m**WARNING**[0m Dangerous semver range (>) in engines.node. See: http://docs.cloudfoundry.org/buildpacks/node/node-tips.html (STDOUT, STG)#
#2026 06 10 03:40:51.856#Z#DEBUG#05a8a0a1-647e-11f1-95d3-eeee0a8518b8.employee-managment-cap-srv#flowable-async-job-executor-thread-27383#
[PollStageAppStatusExecution] 72b00c3a-fa8d-4451-a7fd-3bc7e8473aa6 [2026-06-10T03:40:50.117068] -----> Installing node 24.13.0 (STDOUT, STG)#
#2026 06 10 03:40:51.856#Z#DEBUG#05a8a0a1-647e-11f1-95d3-eeee0a8518b8.employee-managment-cap-srv#flowable-async-job-executor-thread-27383#
[PollStageAppStatusExecution] 72b00c3a-fa8d-4451-a7fd-3bc7e8473aa6 [2026-06-10T03:40:50.117293] Copy [/tmp/buildpacks/978cee5ec9c58000/dependencies/2f5692219fecc3eee6e6d507a6bfe7b9/node_24.13.0_linux_x64_cflinuxfs4_a816dee1.tgz] (STDOUT, STG)#
#2026 06 10 03:41:01.932#Z#DEBUG#05a8a0a1-647e-11f1-95d3-eeee0a8518b8.employee-managment-cap-srv#flowable-async-job-executor-thread-27392#
[PollStageAppStatusExecution] 72b00c3a-fa8d-4451-a7fd-3bc7e8473aa6 [2026-06-10T03:40:52.963324] Using default npm version: 11.6.2 (STDOUT, STG)#
#2026 06 10 03:41:01.932#Z#DEBUG#05a8a0a1-647e-11f1-95d3-eeee0a8518b8.employee-managment-cap-srv#flowable-async-job-executor-thread-27392#
[PollStageAppStatusExecution] 72b00c3a-fa8d-4451-a7fd-3bc7e8473aa6 [2026-06-10T03:40:52.963357] -----> Installing yarn 1.22.22 (STDOUT, STG)#
#2026 06 10 03:41:01.932#Z#DEBUG#05a8a0a1-647e-11f1-95d3-eeee0a8518b8.employee-managment-cap-srv#flowable-async-job-executor-thread-27392#
[PollStageAppStatusExecution] 72b00c3a-fa8d-4451-a7fd-3bc7e8473aa6 [2026-06-10T03:40:52.963437] Copy [/tmp/buildpacks/978cee5ec9c58000/dependencies/e3a39aedd1236924d69cc2d0637a8ed2/yarn_1.22.22_linux_noarch_any-stack_4911d0a6.tgz] (STDOUT, STG)#
#2026 06 10 03:41:01.932#Z#DEBUG#05a8a0a1-647e-11f1-95d3-eeee0a8518b8.employee-managment-cap-srv#flowable-async-job-executor-thread-27392#
[PollStageAppStatusExecution] 72b00c3a-fa8d-4451-a7fd-3bc7e8473aa6 [2026-06-10T03:40:53.334148] Installed yarn 1.22.22 (STDOUT, STG)#
#2026 06 10 03:41:01.932#Z#DEBUG#05a8a0a1-647e-11f1-95d3-eeee0a8518b8.employee-managment-cap-srv#flowable-async-job-executor-thread-27392#
[PollStageAppStatusExecution] 72b00c3a-fa8d-4451-a7fd-3bc7e8473aa6 [2026-06-10T03:40:53.334182] -----> Creating runtime environment (STDOUT, STG)#
#2026 06 10 03:41:01.932#Z#DEBUG#05a8a0a1-647e-11f1-95d3-eeee0a8518b8.employee-managment-cap-srv#flowable-async-job-executor-thread-27392#
[PollStageAppStatusExecution] 72b00c3a-fa8d-4451-a7fd-3bc7e8473aa6 [2026-06-10T03:40:53.336003] NODE_ENV=production (STDOUT, STG)#
#2026 06 10 03:41:01.932#Z#DEBUG#05a8a0a1-647e-11f1-95d3-eeee0a8518b8.employee-managment-cap-srv#flowable-async-job-executor-thread-27392#
[PollStageAppStatusExecution] 72b00c3a-fa8d-4451-a7fd-3bc7e8473aa6 [2026-06-10T03:40:53.336025] NODE_HOME=/tmp/contents3715674050/deps/0/node (STDOUT, STG)#
#2026 06 10 03:41:01.932#Z#DEBUG#05a8a0a1-647e-11f1-95d3-eeee0a8518b8.employee-managment-cap-srv#flowable-async-job-executor-thread-27392#
[PollStageAppStatusExecution] 72b00c3a-fa8d-4451-a7fd-3bc7e8473aa6 [2026-06-10T03:40:53.336028] NODE_MODULES_CACHE=true (STDOUT, STG)#
#2026 06 10 03:41:01.932#Z#DEBUG#05a8a0a1-647e-11f1-95d3-eeee0a8518b8.employee-managment-cap-srv#flowable-async-job-executor-thread-27392#
[PollStageAppStatusExecution] 72b00c3a-fa8d-4451-a7fd-3bc7e8473aa6 [2026-06-10T03:40:53.336030] NODE_VERBOSE=false (STDOUT, STG)#
#2026 06 10 03:41:01.932#Z#DEBUG#05a8a0a1-647e-11f1-95d3-eeee0a8518b8.employee-managment-cap-srv#flowable-async-job-executor-thread-27392#
[PollStageAppStatusExecution] 72b00c3a-fa8d-4451-a7fd-3bc7e8473aa6 [2026-06-10T03:40:53.336033] NPM_CONFIG_LOGLEVEL=error (STDOUT, STG)#
#2026 06 10 03:41:01.932#Z#DEBUG#05a8a0a1-647e-11f1-95d3-eeee0a8518b8.employee-managment-cap-srv#flowable-async-job-executor-thread-27392#
[PollStageAppStatusExecution] 72b00c3a-fa8d-4451-a7fd-3bc7e8473aa6 [2026-06-10T03:40:53.336053] NPM_CONFIG_PRODUCTION=true (STDOUT, STG)#
#2026 06 10 03:41:01.932#Z#DEBUG#05a8a0a1-647e-11f1-95d3-eeee0a8518b8.employee-managment-cap-srv#flowable-async-job-executor-thread-27392#
[PollStageAppStatusExecution] 72b00c3a-fa8d-4451-a7fd-3bc7e8473aa6 [2026-06-10T03:40:53.336070] -----> Building dependencies (STDOUT, STG)#
#2026 06 10 03:41:01.932#Z#DEBUG#05a8a0a1-647e-11f1-95d3-eeee0a8518b8.employee-managment-cap-srv#flowable-async-job-executor-thread-27392#
[PollStageAppStatusExecution] 72b00c3a-fa8d-4451-a7fd-3bc7e8473aa6 [2026-06-10T03:40:53.336072] Prebuild detected (node_modules already exists) (STDOUT, STG)#
#2026 06 10 03:41:01.932#Z#DEBUG#05a8a0a1-647e-11f1-95d3-eeee0a8518b8.employee-managment-cap-srv#flowable-async-job-executor-thread-27392#
[PollStageAppStatusExecution] 72b00c3a-fa8d-4451-a7fd-3bc7e8473aa6 [2026-06-10T03:40:53.336098] Rebuilding any native modules (STDOUT, STG)#
#2026 06 10 03:41:01.932#Z#DEBUG#05a8a0a1-647e-11f1-95d3-eeee0a8518b8.employee-managment-cap-srv#flowable-async-job-executor-thread-27392#
[PollStageAppStatusExecution] 72b00c3a-fa8d-4451-a7fd-3bc7e8473aa6 [2026-06-10T03:40:54.080516] rebuilt dependencies successfully (STDOUT, STG)#
#2026 06 10 03:41:01.932#Z#DEBUG#05a8a0a1-647e-11f1-95d3-eeee0a8518b8.employee-managment-cap-srv#flowable-async-job-executor-thread-27392#
[PollStageAppStatusExecution] 72b00c3a-fa8d-4451-a7fd-3bc7e8473aa6 [2026-06-10T03:40:54.082200] npm notice (STDOUT, STG)#
#2026 06 10 03:41:01.932#Z#DEBUG#05a8a0a1-647e-11f1-95d3-eeee0a8518b8.employee-managment-cap-srv#flowable-async-job-executor-thread-27392#
[PollStageAppStatusExecution] 72b00c3a-fa8d-4451-a7fd-3bc7e8473aa6 [2026-06-10T03:40:54.082219] npm notice New minor version of npm available! 11.6.2 -> 11.16.0 (STDOUT, STG)#
#2026 06 10 03:41:01.932#Z#DEBUG#05a8a0a1-647e-11f1-95d3-eeee0a8518b8.employee-managment-cap-srv#flowable-async-job-executor-thread-27392#
[PollStageAppStatusExecution] 72b00c3a-fa8d-4451-a7fd-3bc7e8473aa6 [2026-06-10T03:40:54.082223] npm notice Changelog: https://github.com/npm/cli/releases/tag/v11.16.0 (STDOUT, STG)#
#2026 06 10 03:41:01.932#Z#DEBUG#05a8a0a1-647e-11f1-95d3-eeee0a8518b8.employee-managment-cap-srv#flowable-async-job-executor-thread-27392#
[PollStageAppStatusExecution] 72b00c3a-fa8d-4451-a7fd-3bc7e8473aa6 [2026-06-10T03:40:54.082225] npm notice To update run: npm install -g npm@11.16.0 (STDOUT, STG)#
#2026 06 10 03:41:01.932#Z#DEBUG#05a8a0a1-647e-11f1-95d3-eeee0a8518b8.employee-managment-cap-srv#flowable-async-job-executor-thread-27392#
[PollStageAppStatusExecution] 72b00c3a-fa8d-4451-a7fd-3bc7e8473aa6 [2026-06-10T03:40:54.082228] npm notice (STDOUT, STG)#
#2026 06 10 03:41:01.932#Z#DEBUG#05a8a0a1-647e-11f1-95d3-eeee0a8518b8.employee-managment-cap-srv#flowable-async-job-executor-thread-27392#
[PollStageAppStatusExecution] 72b00c3a-fa8d-4451-a7fd-3bc7e8473aa6 [2026-06-10T03:40:54.155607] Installing any new modules (package.json + package-lock.json) (STDOUT, STG)#
#2026 06 10 03:41:01.932#Z#DEBUG#05a8a0a1-647e-11f1-95d3-eeee0a8518b8.employee-managment-cap-srv#flowable-async-job-executor-thread-27392#
[PollStageAppStatusExecution] 72b00c3a-fa8d-4451-a7fd-3bc7e8473aa6 [2026-06-10T03:40:54.855721] up to date in 617ms (STDOUT, STG)#
#2026 06 10 03:41:01.932#Z#DEBUG#05a8a0a1-647e-11f1-95d3-eeee0a8518b8.employee-managment-cap-srv#flowable-async-job-executor-thread-27392#
[PollStageAppStatusExecution] 72b00c3a-fa8d-4451-a7fd-3bc7e8473aa6 [2026-06-10T03:40:54.856172] 27 packages are looking for funding (STDOUT, STG)#
#2026 06 10 03:41:01.932#Z#DEBUG#05a8a0a1-647e-11f1-95d3-eeee0a8518b8.employee-managment-cap-srv#flowable-async-job-executor-thread-27392#
[PollStageAppStatusExecution] 72b00c3a-fa8d-4451-a7fd-3bc7e8473aa6 [2026-06-10T03:40:54.856322] run `npm fund` for details (STDOUT, STG)#
#2026 06 10 03:41:01.932#Z#DEBUG#05a8a0a1-647e-11f1-95d3-eeee0a8518b8.employee-managment-cap-srv#flowable-async-job-executor-thread-27392#
[PollStageAppStatusExecution] 72b00c3a-fa8d-4451-a7fd-3bc7e8473aa6 [2026-06-10T03:40:55.722718] Contrast Security no credentials found. Will not write environment files. (STDOUT, STG)#
#2026 06 10 03:41:11.944#Z#DEBUG#05a8a0a1-647e-11f1-95d3-eeee0a8518b8.employee-managment-cap-srv#flowable-async-job-executor-thread-27401#
[PollStageAppStatusExecution] 72b00c3a-fa8d-4451-a7fd-3bc7e8473aa6 [2026-06-10T03:41:05.457955] Exit status 0 (STDOUT, STG)#
#2026 06 10 03:41:11.944#Z#DEBUG#05a8a0a1-647e-11f1-95d3-eeee0a8518b8.employee-managment-cap-srv#flowable-async-job-executor-thread-27401#
[PollStageAppStatusExecution] 72b00c3a-fa8d-4451-a7fd-3bc7e8473aa6 [2026-06-10T03:41:05.458010] Uploading droplet, build artifacts cache... (STDOUT, STG)#
#2026 06 10 03:41:11.944#Z#DEBUG#05a8a0a1-647e-11f1-95d3-eeee0a8518b8.employee-managment-cap-srv#flowable-async-job-executor-thread-27401#
[PollStageAppStatusExecution] 72b00c3a-fa8d-4451-a7fd-3bc7e8473aa6 [2026-06-10T03:41:05.458067] Uploading build artifacts cache... (STDOUT, STG)#
#2026 06 10 03:41:11.944#Z#DEBUG#05a8a0a1-647e-11f1-95d3-eeee0a8518b8.employee-managment-cap-srv#flowable-async-job-executor-thread-27401#
[PollStageAppStatusExecution] 72b00c3a-fa8d-4451-a7fd-3bc7e8473aa6 [2026-06-10T03:41:05.458076] Uploading droplet... (STDOUT, STG)#
#2026 06 10 03:41:11.944#Z#DEBUG#05a8a0a1-647e-11f1-95d3-eeee0a8518b8.employee-managment-cap-srv#flowable-async-job-executor-thread-27401#
[PollStageAppStatusExecution] 72b00c3a-fa8d-4451-a7fd-3bc7e8473aa6 [2026-06-10T03:41:05.486645] Uploaded build artifacts cache (226B) (STDOUT, STG)#
#2026 06 10 03:41:11.944#Z#DEBUG#05a8a0a1-647e-11f1-95d3-eeee0a8518b8.employee-managment-cap-srv#flowable-async-job-executor-thread-27401#
[PollStageAppStatusExecution] 72b00c3a-fa8d-4451-a7fd-3bc7e8473aa6 [2026-06-10T03:41:06.231194] Creating droplet for app with guid 72b00c3a-fa8d-4451-a7fd-3bc7e8473aa6 (STDOUT, API)#
#2026 06 10 03:41:11.944#Z#DEBUG#05a8a0a1-647e-11f1-95d3-eeee0a8518b8.employee-managment-cap-srv#flowable-async-job-executor-thread-27401#
[PollStageAppStatusExecution] 72b00c3a-fa8d-4451-a7fd-3bc7e8473aa6 [2026-06-10T03:41:08.299564] Uploaded droplet (59.2M) (STDOUT, STG)#
#2026 06 10 03:41:11.944#Z#DEBUG#05a8a0a1-647e-11f1-95d3-eeee0a8518b8.employee-managment-cap-srv#flowable-async-job-executor-thread-27401#
[PollStageAppStatusExecution] 72b00c3a-fa8d-4451-a7fd-3bc7e8473aa6 [2026-06-10T03:41:08.321105] Uploading complete (STDOUT, STG)#
#2026 06 10 03:41:11.944#Z#DEBUG#05a8a0a1-647e-11f1-95d3-eeee0a8518b8.employee-managment-cap-srv#flowable-async-job-executor-thread-27401#
[PollStageAppStatusExecution] 72b00c3a-fa8d-4451-a7fd-3bc7e8473aa6 [2026-06-10T03:41:08.995347] Cell d1cc041a-d5a1-41d6-b9f6-6cda736ce3f0 stopping instance 3b5d1fcd-9538-4d96-867f-7e290cec3505 (STDOUT, STG)#
#2026 06 10 03:41:11.944#Z#DEBUG#05a8a0a1-647e-11f1-95d3-eeee0a8518b8.employee-managment-cap-srv#flowable-async-job-executor-thread-27401#
[PollStageAppStatusExecution] 72b00c3a-fa8d-4451-a7fd-3bc7e8473aa6 [2026-06-10T03:41:08.995406] Cell d1cc041a-d5a1-41d6-b9f6-6cda736ce3f0 destroying container for instance 3b5d1fcd-9538-4d96-867f-7e290cec3505 (STDOUT, STG)#
#2026 06 10 03:41:11.944#Z#DEBUG#05a8a0a1-647e-11f1-95d3-eeee0a8518b8.employee-managment-cap-srv#flowable-async-job-executor-thread-27401#
[PollStageAppStatusExecution] 72b00c3a-fa8d-4451-a7fd-3bc7e8473aa6 [2026-06-10T03:41:09.042185] Staging complete for build 3b5d1fcd-9538-4d96-867f-7e290cec3505 (STDOUT, API)#
#2026 06 10 03:41:22.042#Z#DEBUG#05a8a0a1-647e-11f1-95d3-eeee0a8518b8.employee-managment-cap-srv#flowable-async-job-executor-thread-27408#
[PollStartAppStatusExecution] 72b00c3a-fa8d-4451-a7fd-3bc7e8473aa6 [2026-06-10T03:41:11.905694] Cell d1cc041a-d5a1-41d6-b9f6-6cda736ce3f0 successfully destroyed container for instance 3b5d1fcd-9538-4d96-867f-7e290cec3505 (STDOUT, STG)#
#2026 06 10 03:41:22.042#Z#DEBUG#05a8a0a1-647e-11f1-95d3-eeee0a8518b8.employee-managment-cap-srv#flowable-async-job-executor-thread-27408#
[PollStartAppStatusExecution] 72b00c3a-fa8d-4451-a7fd-3bc7e8473aa6 [2026-06-10T03:41:12.009108] Updated app with guid 72b00c3a-fa8d-4451-a7fd-3bc7e8473aa6 ({:droplet_guid=>"92dda317-5889-4ea6-8417-1372d61294d0"}) (STDOUT, API)#
#2026 06 10 03:41:22.042#Z#DEBUG#05a8a0a1-647e-11f1-95d3-eeee0a8518b8.employee-managment-cap-srv#flowable-async-job-executor-thread-27408#
[PollStartAppStatusExecution] 72b00c3a-fa8d-4451-a7fd-3bc7e8473aa6 [2026-06-10T03:41:12.208975] Creating revision for app with guid 72b00c3a-fa8d-4451-a7fd-3bc7e8473aa6 (STDOUT, API)#
#2026 06 10 03:41:22.042#Z#DEBUG#05a8a0a1-647e-11f1-95d3-eeee0a8518b8.employee-managment-cap-srv#flowable-async-job-executor-thread-27408#
[PollStartAppStatusExecution] 72b00c3a-fa8d-4451-a7fd-3bc7e8473aa6 [2026-06-10T03:41:12.246754] Starting app with guid 72b00c3a-fa8d-4451-a7fd-3bc7e8473aa6 (STDOUT, API)#
#2026 06 10 03:41:22.042#Z#DEBUG#05a8a0a1-647e-11f1-95d3-eeee0a8518b8.employee-managment-cap-srv#flowable-async-job-executor-thread-27408#
[PollStartAppStatusExecution] 72b00c3a-fa8d-4451-a7fd-3bc7e8473aa6 [2026-06-10T03:41:12.502329] Cell d1cc041a-d5a1-41d6-b9f6-6cda736ce3f0 creating container for instance 53479179-b9f2-4019-5c5d-089d (STDOUT, CELL)#
#2026 06 10 03:41:22.042#Z#DEBUG#05a8a0a1-647e-11f1-95d3-eeee0a8518b8.employee-managment-cap-srv#flowable-async-job-executor-thread-27408#
[PollStartAppStatusExecution] 72b00c3a-fa8d-4451-a7fd-3bc7e8473aa6 [2026-06-10T03:41:13.275742] Security group rules were updated (STDOUT, CELL)#
#2026 06 10 03:41:22.042#Z#DEBUG#05a8a0a1-647e-11f1-95d3-eeee0a8518b8.employee-managment-cap-srv#flowable-async-job-executor-thread-27408#
[PollStartAppStatusExecution] 72b00c3a-fa8d-4451-a7fd-3bc7e8473aa6 [2026-06-10T03:41:13.367954] Cell d1cc041a-d5a1-41d6-b9f6-6cda736ce3f0 successfully created container for instance 53479179-b9f2-4019-5c5d-089d (STDOUT, CELL)#
#2026 06 10 03:41:22.042#Z#DEBUG#05a8a0a1-647e-11f1-95d3-eeee0a8518b8.employee-managment-cap-srv#flowable-async-job-executor-thread-27408#
[PollStartAppStatusExecution] 72b00c3a-fa8d-4451-a7fd-3bc7e8473aa6 [2026-06-10T03:41:14.021918] Downloading droplet... (STDOUT, CELL)#
#2026 06 10 03:41:22.042#Z#DEBUG#05a8a0a1-647e-11f1-95d3-eeee0a8518b8.employee-managment-cap-srv#flowable-async-job-executor-thread-27408#
[PollStartAppStatusExecution] 72b00c3a-fa8d-4451-a7fd-3bc7e8473aa6 [2026-06-10T03:41:19.707588] Downloaded droplet (59.2M) (STDOUT, CELL)#
#2026 06 10 03:41:22.042#Z#DEBUG#05a8a0a1-647e-11f1-95d3-eeee0a8518b8.employee-managment-cap-srv#flowable-async-job-executor-thread-27408#
[PollStartAppStatusExecution] 72b00c3a-fa8d-4451-a7fd-3bc7e8473aa6 [2026-06-10T03:41:19.707821] Starting health monitoring of container (STDOUT, CELL)#
#2026 06 10 03:41:22.042#Z#DEBUG#05a8a0a1-647e-11f1-95d3-eeee0a8518b8.employee-managment-cap-srv#flowable-async-job-executor-thread-27408#
[PollStartAppStatusExecution] 72b00c3a-fa8d-4451-a7fd-3bc7e8473aa6 [2026-06-10T03:41:19.828311] Invoking pre-start scripts. (STDOUT, APP/PROC/WEB)#
#2026 06 10 03:41:22.042#Z#DEBUG#05a8a0a1-647e-11f1-95d3-eeee0a8518b8.employee-managment-cap-srv#flowable-async-job-executor-thread-27408#
[PollStartAppStatusExecution] 72b00c3a-fa8d-4451-a7fd-3bc7e8473aa6 [2026-06-10T03:41:20.060258] Invoking start command. (STDOUT, APP/PROC/WEB)#
#2026 06 10 03:41:22.042#Z#DEBUG#05a8a0a1-647e-11f1-95d3-eeee0a8518b8.employee-managment-cap-srv#flowable-async-job-executor-thread-27408#
[PollStartAppStatusExecution] 72b00c3a-fa8d-4451-a7fd-3bc7e8473aa6 [2026-06-10T03:41:20.575714] > employee-managment-cap@1.0.0 start (STDOUT, APP/PROC/WEB)#
#2026 06 10 03:41:22.042#Z#DEBUG#05a8a0a1-647e-11f1-95d3-eeee0a8518b8.employee-managment-cap-srv#flowable-async-job-executor-thread-27408#
[PollStartAppStatusExecution] 72b00c3a-fa8d-4451-a7fd-3bc7e8473aa6 [2026-06-10T03:41:20.575741] > cds-serve (STDOUT, APP/PROC/WEB)#
#2026 06 10 03:41:22.042#Z#DEBUG#05a8a0a1-647e-11f1-95d3-eeee0a8518b8.employee-managment-cap-srv#flowable-async-job-executor-thread-27408#
[PollStartAppStatusExecution] 72b00c3a-fa8d-4451-a7fd-3bc7e8473aa6 [2026-06-10T03:41:20.935388] {"level":"info","logger":"cds","timestamp":"2026-06-10T03:41:20.933Z","layer":"cds","component_type":"application","container_id":"10.32.1.5","component_id":"72b00c3a-fa8d-4451-a7fd-3bc7e8473aa6","component_name":"employee-managment-cap-srv","component_instance":0,"source_instance":0,"organization_name":"593c2910trial","organization_id":"631c5e00-d510-4994-9e78-f6877d7b8fa4","space_name":"dev","space_id":"30a55d60-6c33-4bd2-8482-c98ef057fa98","msg":"loaded model from 1 file(s):\n ","type":"log"} (STDOUT, APP/PROC/WEB)#
#2026 06 10 03:41:22.042#Z#DEBUG#05a8a0a1-647e-11f1-95d3-eeee0a8518b8.employee-managment-cap-srv#flowable-async-job-executor-thread-27408#
[PollStartAppStatusExecution] 72b00c3a-fa8d-4451-a7fd-3bc7e8473aa6 [2026-06-10T03:41:20.935859] srv/csn.json (STDOUT, APP/PROC/WEB)#
#2026 06 10 03:41:22.042#Z#DEBUG#05a8a0a1-647e-11f1-95d3-eeee0a8518b8.employee-managment-cap-srv#flowable-async-job-executor-thread-27408#
[PollStartAppStatusExecution] 72b00c3a-fa8d-4451-a7fd-3bc7e8473aa6 [2026-06-10T03:41:21.231061] {"level":"info","logger":"cds","timestamp":"2026-06-10T03:41:21.230Z","layer":"cds","component_type":"application","container_id":"10.32.1.5","component_id":"72b00c3a-fa8d-4451-a7fd-3bc7e8473aa6","component_name":"employee-managment-cap-srv","component_instance":0,"source_instance":0,"organization_name":"593c2910trial","organization_id":"631c5e00-d510-4994-9e78-f6877d7b8fa4","space_name":"dev","space_id":"30a55d60-6c33-4bd2-8482-c98ef057fa98","msg":"connect to db > hana {\n  database_id: 'cff26b7e-ea43-417e-bd95-5b31c66d7eb3',\n  host: 'cff26b7e-ea43-417e-bd95-5b31c66d7eb3.hna1.prod-us10.hanacloud.ondemand.com',\n  port: '443',\n  driver: 'com.sap.db.jdbc.Driver',\n  url: 'jdbc:sap://cff26b7e-ea43-417e-bd95-5b31c66d7eb3.hna1.prod-us10.hanacloud.ondemand.com:443?encrypt=true&validateCertificate=true&currentschema=6665227F06FC439A9A4798DFD4B34890',\n  schema: '6665227F06FC439A9A4798DFD4B34890',\n  certificate: '...',\n  hdi_user: '6665227F06FC439A9A4798DFD4B34890_4EEZDYYZ3KGWK4IYA0EPQD5Y1_DT',\n  hdi_password: '...',\n  user: '6665227F06FC439A9A4798DFD4B34890_4EEZDYYZ3KGWK4IYA0EPQD5Y1_RT',\n  password: '...'\n}","type":"log"} (STDOUT, APP/PROC/WEB)#
#2026 06 10 03:41:22.042#Z#DEBUG#05a8a0a1-647e-11f1-95d3-eeee0a8518b8.employee-managment-cap-srv#flowable-async-job-executor-thread-27408#
[PollStartAppStatusExecution] 72b00c3a-fa8d-4451-a7fd-3bc7e8473aa6 [2026-06-10T03:41:21.270354] {"level":"info","logger":"cds","timestamp":"2026-06-10T03:41:21.269Z","layer":"cds","component_type":"application","container_id":"10.32.1.5","component_id":"72b00c3a-fa8d-4451-a7fd-3bc7e8473aa6","component_name":"employee-managment-cap-srv","component_instance":0,"source_instance":0,"organization_name":"593c2910trial","organization_id":"631c5e00-d510-4994-9e78-f6877d7b8fa4","space_name":"dev","space_id":"30a55d60-6c33-4bd2-8482-c98ef057fa98","msg":"using auth strategy { kind: 'xsuaa' }","type":"log"} (STDOUT, APP/PROC/WEB)#
#2026 06 10 03:41:22.042#Z#DEBUG#05a8a0a1-647e-11f1-95d3-eeee0a8518b8.employee-managment-cap-srv#flowable-async-job-executor-thread-27408#
[PollStartAppStatusExecution] 72b00c3a-fa8d-4451-a7fd-3bc7e8473aa6 [2026-06-10T03:41:21.334334] {"level":"info","logger":"cds","timestamp":"2026-06-10T03:41:21.330Z","layer":"cds","component_type":"application","container_id":"10.32.1.5","component_id":"72b00c3a-fa8d-4451-a7fd-3bc7e8473aa6","component_name":"employee-managment-cap-srv","component_instance":0,"source_instance":0,"organization_name":"593c2910trial","organization_id":"631c5e00-d510-4994-9e78-f6877d7b8fa4","space_name":"dev","space_id":"30a55d60-6c33-4bd2-8482-c98ef057fa98","msg":"serving EmployeeService {\n  at: [ '/employee' ],\n  decl: 'srv/csn.json:538',\n  impl: 'srv/employee-service.js'\n}","type":"log"} (STDOUT, APP/PROC/WEB)#
#2026 06 10 03:41:22.042#Z#DEBUG#05a8a0a1-647e-11f1-95d3-eeee0a8518b8.employee-managment-cap-srv#flowable-async-job-executor-thread-27408#
[PollStartAppStatusExecution] 72b00c3a-fa8d-4451-a7fd-3bc7e8473aa6 [2026-06-10T03:41:21.344124] {"level":"info","logger":"cds","timestamp":"2026-06-10T03:41:21.343Z","layer":"cds","component_type":"application","container_id":"10.32.1.5","component_id":"72b00c3a-fa8d-4451-a7fd-3bc7e8473aa6","component_name":"employee-managment-cap-srv","component_instance":0,"source_instance":0,"organization_name":"593c2910trial","organization_id":"631c5e00-d510-4994-9e78-f6877d7b8fa4","space_name":"dev","space_id":"30a55d60-6c33-4bd2-8482-c98ef057fa98","msg":"server listening on { url: 'http://localhost:8080' }","type":"log"} (STDOUT, APP/PROC/WEB)#
#2026 06 10 03:41:22.042#Z#DEBUG#05a8a0a1-647e-11f1-95d3-eeee0a8518b8.employee-managment-cap-srv#flowable-async-job-executor-thread-27408#
[PollStartAppStatusExecution] 72b00c3a-fa8d-4451-a7fd-3bc7e8473aa6 [2026-06-10T03:41:21.345588] {"level":"info","logger":"cds","timestamp":"2026-06-10T03:41:21.345Z","layer":"cds","component_type":"application","container_id":"10.32.1.5","component_id":"72b00c3a-fa8d-4451-a7fd-3bc7e8473aa6","component_name":"employee-managment-cap-srv","component_instance":0,"source_instance":0,"organization_name":"593c2910trial","organization_id":"631c5e00-d510-4994-9e78-f6877d7b8fa4","space_name":"dev","space_id":"30a55d60-6c33-4bd2-8482-c98ef057fa98","msg":"server v9.9.1 launched in 757 ms","type":"log"} (STDOUT, APP/PROC/WEB)#
#2026 06 10 03:41:32.074#Z#DEBUG#05a8a0a1-647e-11f1-95d3-eeee0a8518b8.employee-managment-cap-srv#flowable-async-job-executor-thread-17546#
[PollStartAppStatusExecution] 72b00c3a-fa8d-4451-a7fd-3bc7e8473aa6 [2026-06-10T03:41:22.626148] Container became healthy (STDOUT, CELL)#
#2026 06 10 03:41:32.074#Z#DEBUG#05a8a0a1-647e-11f1-95d3-eeee0a8518b8.employee-managment-cap-srv#flowable-async-job-executor-thread-17546#
[PollStartAppStatusExecution] 72b00c3a-fa8d-4451-a7fd-3bc7e8473aa6 [2026-06-10T03:41:22.651688] Process became ready with guid 72b00c3a-fa8d-4451-a7fd-3bc7e8473aa6 payload: {"instance"=>"53479179-b9f2-4019-5c5d-089d", "index"=>0, "cell_id"=>"d1cc041a-d5a1-41d6-b9f6-6cda736ce3f0", "ready"=>true, "version"=>"6fca8028-8d85-4750-8f8a-c6396ab53457"} (STDOUT, API)#
